# JRE version: Java(TM) SE Runtime Environment (8.0_161-b12) (build 1.8.0_161-b12)
# Java VM: Java HotSpot(TM) 64-Bit Server VM (25.161-b12 mixed mode windows-amd64 compressed oops)
Heap:
 PSYoungGen      total 89600K, used 8835K [0x00000000ebb80000, 0x00000000f2f00000, 0x0000000100000000)
  eden space 82432K, 2% used [0x00000000ebb80000,0x00000000ebd24bd0,0x00000000f0c00000)
  from space 7168K, 99% used [0x00000000f2800000,0x00000000f2efc220,0x00000000f2f00000)
  to   space 6656K, 0% used [0x00000000f0c00000,0x00000000f0c00000,0x00000000f1280000)
 ParOldGen       total 53248K, used 22212K [0x00000000c3200000, 0x00000000c6600000, 0x00000000ebb80000)
  object space 53248K, 41% used [0x00000000c3200000,0x00000000c47b1260,0x00000000c6600000)
 Metaspace       used 45058K, capacity 46108K, committed 46208K, reserved 1089536K
  class space    used 6211K, capacity 6501K, committed 6528K, reserved 1048576K
GC Heap History (10 events):
Event: 13.708 GC heap before
{Heap before GC invocations=14 (full 1):
 PSYoungGen      total 67072K, used 65416K [0x00000000ebb80000, 0x00000000f0580000, 0x0000000100000000)
  eden space 60416K, 100% used [0x00000000ebb80000,0x00000000ef680000,0x00000000ef680000)
  from space 6656K, 75% used [0x00000000efd00000,0x00000000f01e23e0,0x00000000f0380000)
  to   space 6656K, 0% used [0x00000000ef680000,0x00000000ef680000,0x00000000efd00000)
 ParOldGen       total 32256K, used 10297K [0x00000000c3200000, 0x00000000c5180000, 0x00000000ebb80000)
  object space 32256K, 31% used [0x00000000c3200000,0x00000000c3c0e5c8,0x00000000c5180000)
 Metaspace       used 34125K, capacity 34688K, committed 35072K, reserved 1079296K
  class space    used 4658K, capacity 4815K, committed 4864K, reserved 1048576K
Event: 13.730 GC heap after
Heap after GC invocations=14 (full 1):
 PSYoungGen      total 67072K, used 5856K [0x00000000ebb80000, 0x00000000f1980000, 0x0000000100000000)
  eden space 60416K, 0% used [0x00000000ebb80000,0x00000000ebb80000,0x00000000ef680000)
  from space 6656K, 87% used [0x00000000ef680000,0x00000000efc381d8,0x00000000efd00000)
  to   space 7168K, 0% used [0x00000000f1280000,0x00000000f1280000,0x00000000f1980000)
 ParOldGen       total 32256K, used 12696K [0x00000000c3200000, 0x00000000c5180000, 0x00000000ebb80000)
  object space 32256K, 39% used [0x00000000c3200000,0x00000000c3e663b0,0x00000000c5180000)
 Metaspace       used 34125K, capacity 34688K, committed 35072K, reserved 1079296K
  class space    used 4658K, capacity 4815K, committed 4864K, reserved 1048576K
}
Event: 14.248 GC heap before
{Heap before GC invocations=15 (full 1):
 PSYoungGen      total 67072K, used 30199K [0x00000000ebb80000, 0x00000000f1980000, 0x0000000100000000)
  eden space 60416K, 40% used [0x00000000ebb80000,0x00000000ed345c48,0x00000000ef680000)
  from space 6656K, 87% used [0x00000000ef680000,0x00000000efc381d8,0x00000000efd00000)
  to   space 7168K, 0% used [0x00000000f1280000,0x00000000f1280000,0x00000000f1980000)
 ParOldGen       total 32256K, used 12696K [0x00000000c3200000, 0x00000000c5180000, 0x00000000ebb80000)
  object space 32256K, 39% used [0x00000000c3200000,0x00000000c3e663b0,0x00000000c5180000)
 Metaspace       used 34626K, capacity 35152K, committed 35456K, reserved 1079296K
  class space    used 4736K, capacity 4906K, committed 4992K, reserved 1048576K
Event: 14.273 GC heap after
Heap after GC invocations=15 (full 1):
 PSYoungGen      total 89600K, used 3943K [0x00000000ebb80000, 0x00000000f1c00000, 0x0000000100000000)
  eden space 82432K, 0% used [0x00000000ebb80000,0x00000000ebb80000,0x00000000f0c00000)
  from space 7168K, 55% used [0x00000000f1280000,0x00000000f1659c08,0x00000000f1980000)
  to   space 6656K, 0% used [0x00000000f0c00000,0x00000000f0c00000,0x00000000f1280000)
 ParOldGen       total 32256K, used 15577K [0x00000000c3200000, 0x00000000c5180000, 0x00000000ebb80000)
  object space 32256K, 48% used [0x00000000c3200000,0x00000000c4136470,0x00000000c5180000)
 Metaspace       used 34626K, capacity 35152K, committed 35456K, reserved 1079296K
  class space    used 4736K, capacity 4906K, committed 4992K, reserved 1048576K
}
Event: 14.273 GC heap before
{Heap before GC invocations=16 (full 2):
 PSYoungGen      total 89600K, used 3943K [0x00000000ebb80000, 0x00000000f1c00000, 0x0000000100000000)
  eden space 82432K, 0% used [0x00000000ebb80000,0x00000000ebb80000,0x00000000f0c00000)
  from space 7168K, 55% used [0x00000000f1280000,0x00000000f1659c08,0x00000000f1980000)
  to   space 6656K, 0% used [0x00000000f0c00000,0x00000000f0c00000,0x00000000f1280000)
 ParOldGen       total 32256K, used 15577K [0x00000000c3200000, 0x00000000c5180000, 0x00000000ebb80000)
  object space 32256K, 48% used [0x00000000c3200000,0x00000000c4136470,0x00000000c5180000)
 Metaspace       used 34626K, capacity 35152K, committed 35456K, reserved 1079296K
  class space    used 4736K, capacity 4906K, committed 4992K, reserved 1048576K
Event: 14.532 GC heap after
Heap after GC invocations=16 (full 2):
 PSYoungGen      total 89600K, used 0K [0x00000000ebb80000, 0x00000000f1c00000, 0x0000000100000000)
  eden space 82432K, 0% used [0x00000000ebb80000,0x00000000ebb80000,0x00000000f0c00000)
  from space 7168K, 0% used [0x00000000f1280000,0x00000000f1280000,0x00000000f1980000)
  to   space 6656K, 0% used [0x00000000f0c00000,0x00000000f0c00000,0x00000000f1280000)
 ParOldGen       total 53248K, used 18246K [0x00000000c3200000, 0x00000000c6600000, 0x00000000ebb80000)
  object space 53248K, 34% used [0x00000000c3200000,0x00000000c43d1810,0x00000000c6600000)
 Metaspace       used 34626K, capacity 35152K, committed 35456K, reserved 1079296K
  class space    used 4736K, capacity 4906K, committed 4992K, reserved 1048576K
}
Event: 17.880 GC heap before
{Heap before GC invocations=17 (full 2):
 PSYoungGen      total 89600K, used 82432K [0x00000000ebb80000, 0x00000000f1c00000, 0x0000000100000000)
  eden space 82432K, 100% used [0x00000000ebb80000,0x00000000f0c00000,0x00000000f0c00000)
  from space 7168K, 0% used [0x00000000f1280000,0x00000000f1280000,0x00000000f1980000)
  to   space 6656K, 0% used [0x00000000f0c00000,0x00000000f0c00000,0x00000000f1280000)
 ParOldGen       total 53248K, used 18246K [0x00000000c3200000, 0x00000000c6600000, 0x00000000ebb80000)
  object space 53248K, 34% used [0x00000000c3200000,0x00000000c43d1810,0x00000000c6600000)
 Metaspace       used 41031K, capacity 41782K, committed 42240K, reserved 1085440K
  class space    used 5583K, capacity 5848K, committed 5888K, reserved 1048576K
Event: 17.890 GC heap after
Heap after GC invocations=17 (full 2):
 PSYoungGen      total 89088K, used 6292K [0x00000000ebb80000, 0x00000000f2f00000, 0x0000000100000000)
  eden space 82432K, 0% used [0x00000000ebb80000,0x00000000ebb80000,0x00000000f0c00000)
  from space 6656K, 94% used [0x00000000f0c00000,0x00000000f1225018,0x00000000f1280000)
  to   space 7168K, 0% used [0x00000000f2800000,0x00000000f2800000,0x00000000f2f00000)
 ParOldGen       total 53248K, used 18318K [0x00000000c3200000, 0x00000000c6600000, 0x00000000ebb80000)
  object space 53248K, 34% used [0x00000000c3200000,0x00000000c43e3820,0x00000000c6600000)
 Metaspace       used 41031K, capacity 41782K, committed 42240K, reserved 1085440K
  class space    used 5583K, capacity 5848K, committed 5888K, reserved 1048576K
}
Event: 20.465 GC heap before
{Heap before GC invocations=18 (full 2):
 PSYoungGen      total 89088K, used 88724K [0x00000000ebb80000, 0x00000000f2f00000, 0x0000000100000000)
  eden space 82432K, 100% used [0x00000000ebb80000,0x00000000f0c00000,0x00000000f0c00000)
  from space 6656K, 94% used [0x00000000f0c00000,0x00000000f1225018,0x00000000f1280000)
  to   space 7168K, 0% used [0x00000000f2800000,0x00000000f2800000,0x00000000f2f00000)
 ParOldGen       total 53248K, used 18318K [0x00000000c3200000, 0x00000000c6600000, 0x00000000ebb80000)
  object space 53248K, 34% used [0x00000000c3200000,0x00000000c43e3820,0x00000000c6600000)
 Metaspace       used 45053K, capacity 46108K, committed 46208K, reserved 1089536K
  class space    used 6211K, capacity 6501K, committed 6528K, reserved 1048576K
Event: 20.507 GC heap after
Heap after GC invocations=18 (full 2):
 PSYoungGen      total 89600K, used 7152K [0x00000000ebb80000, 0x00000000f2f00000, 0x0000000100000000)
  eden space 82432K, 0% used [0x00000000ebb80000,0x00000000ebb80000,0x00000000f0c00000)
  from space 7168K, 99% used [0x00000000f2800000,0x00000000f2efc220,0x00000000f2f00000)
  to   space 6656K, 0% used [0x00000000f0c00000,0x00000000f0c00000,0x00000000f1280000)
 ParOldGen       total 53248K, used 22212K [0x00000000c3200000, 0x00000000c6600000, 0x00000000ebb80000)
  object space 53248K, 41% used [0x00000000c3200000,0x00000000c47b1260,0x00000000c6600000)
 Metaspace       used 45053K, capacity 46108K, committed 46208K, reserved 1089536K
  class space    used 6211K, capacity 6501K, committed 6528K, reserved 1048576K
}

